Determining if getsockname accepts socklen_t type  failed with the following output:
Change Dir: 'D:/STUDIUM/Term4/Project/Repo/OpenIGTLink-build/CMakeTmp/SocklenT/CMakeFiles/CMakeTmp'

Run Build Command(s): "C:/Program Files/Microsoft Visual Studio/2022/Community/MSBuild/Current/Bin/amd64/MSBuild.exe" cmTC_f1325.vcxproj /p:Configuration=Debug /p:Platform=Win32 /p:VisualStudioVersion=17.0 /v:n
MSBuild version 17.14.18+a338add32 for .NET Framework
Build started 10/09/2025 23:47:21.

Project "D:\STUDIUM\Term4\Project\Repo\OpenIGTLink-build\CMakeTmp\SocklenT\CMakeFiles\CMakeTmp\cmTC_f1325.vcxproj" on node 1 (default targets).
PrepareForBuild:
  Creating directory "cmTC_f1325.dir\Debug\".
  Structured output is enabled. The formatting of compiler diagnostics will reflect the error hierarchy. See https://aka.ms/cpp/structured-output for more details.
  Creating directory "D:\STUDIUM\Term4\Project\Repo\OpenIGTLink-build\CMakeTmp\SocklenT\CMakeFiles\CMakeTmp\Debug\".
  Creating directory "cmTC_f1325.dir\Debug\cmTC_f1325.tlog\".
InitializeBuildStatus:
  Creating "cmTC_f1325.dir\Debug\cmTC_f1325.tlog\unsuccessfulbuild" because "AlwaysCreate" was specified.
  Touching "cmTC_f1325.dir\Debug\cmTC_f1325.tlog\unsuccessfulbuild".
ClCompile:
  C:\Program Files\Microsoft Visual Studio\2022\Community\VC\Tools\MSVC\14.44.35207\bin\HostX64\x86\CL.exe /c /Zi /W3 /WX- /diagnostics:column /Od /Ob0 /Oy- /D _MBCS /D WIN32 /D _WINDOWS /D "CMAKE_INTDIR=\"Debug\"" /EHsc /RTC1 /MDd /GS /fp:precise /Zc:wchar_t /Zc:forScope /Zc:inline /GR /Fo"cmTC_f1325.dir\Debug\\" /Fd"cmTC_f1325.dir\Debug\vc143.pdb" /external:W3 /Gd /TP /analyze- /errorReport:queue D:\STUDIUM\Term4\Project\Repo\OpenIGTLink\CMake\igtlTestSocklenT.cxx
  Microsoft (R) C/C++ Optimizing Compiler Version 19.44.35214 for x86
  Copyright (C) Microsoft Corporation.  All rights reserved.
  cl /c /Zi /W3 /WX- /diagnostics:column /Od /Ob0 /Oy- /D _MBCS /D WIN32 /D _WINDOWS /D "CMAKE_INTDIR=\"Debug\"" /EHsc /RTC1 /MDd /GS /fp:precise /Zc:wchar_t /Zc:forScope /Zc:inline /GR /Fo"cmTC_f1325.dir\Debug\\" /Fd"cmTC_f1325.dir\Debug\vc143.pdb" /external:W3 /Gd /TP /analyze- /errorReport:queue D:\STUDIUM\Term4\Project\Repo\OpenIGTLink\CMake\igtlTestSocklenT.cxx
  igtlTestSocklenT.cxx
D:\STUDIUM\Term4\Project\Repo\OpenIGTLink\CMake\igtlTestSocklenT.cxx(11,25): error C2065: 'socklen_t': undeclared identifier [D:\STUDIUM\Term4\Project\Repo\OpenIGTLink-build\CMakeTmp\SocklenT\CMakeFiles\CMakeTmp\cmTC_f1325.vcxproj]
D:\STUDIUM\Term4\Project\Repo\OpenIGTLink\CMake\igtlTestSocklenT.cxx(11,35): error C2059: syntax error: ')' [D:\STUDIUM\Term4\Project\Repo\OpenIGTLink-build\CMakeTmp\SocklenT\CMakeFiles\CMakeTmp\cmTC_f1325.vcxproj]
D:\STUDIUM\Term4\Project\Repo\OpenIGTLink\CMake\igtlTestSocklenT.cxx(12,14): error C2065: 'socklen_t': undeclared identifier [D:\STUDIUM\Term4\Project\Repo\OpenIGTLink-build\CMakeTmp\SocklenT\CMakeFiles\CMakeTmp\cmTC_f1325.vcxproj]
Done Building Project "D:\STUDIUM\Term4\Project\Repo\OpenIGTLink-build\CMakeTmp\SocklenT\CMakeFiles\CMakeTmp\cmTC_f1325.vcxproj" (default targets) -- FAILED.

Build FAILED.

"D:\STUDIUM\Term4\Project\Repo\OpenIGTLink-build\CMakeTmp\SocklenT\CMakeFiles\CMakeTmp\cmTC_f1325.vcxproj" (default target) (1) ->
(ClCompile target) -> 
  D:\STUDIUM\Term4\Project\Repo\OpenIGTLink\CMake\igtlTestSocklenT.cxx(11,25): error C2065: 'socklen_t': undeclared identifier [D:\STUDIUM\Term4\Project\Repo\OpenIGTLink-build\CMakeTmp\SocklenT\CMakeFiles\CMakeTmp\cmTC_f1325.vcxproj]
  D:\STUDIUM\Term4\Project\Repo\OpenIGTLink\CMake\igtlTestSocklenT.cxx(11,35): error C2059: syntax error: ')' [D:\STUDIUM\Term4\Project\Repo\OpenIGTLink-build\CMakeTmp\SocklenT\CMakeFiles\CMakeTmp\cmTC_f1325.vcxproj]
  D:\STUDIUM\Term4\Project\Repo\OpenIGTLink\CMake\igtlTestSocklenT.cxx(12,14): error C2065: 'socklen_t': undeclared identifier [D:\STUDIUM\Term4\Project\Repo\OpenIGTLink-build\CMakeTmp\SocklenT\CMakeFiles\CMakeTmp\cmTC_f1325.vcxproj]

    0 Warning(s)
    3 Error(s)

Time Elapsed 00:00:00.60



Determining if getsockname accepts socklen_t type  failed with the following output:
Change Dir: 'D:/STUDIUM/Term4/Project/Repo/OpenIGTLink-build/CMakeTmp/SocklenT/CMakeFiles/CMakeTmp'

Run Build Command(s): "C:/Program Files/Microsoft Visual Studio/2022/Community/MSBuild/Current/Bin/amd64/MSBuild.exe" cmTC_68b50.vcxproj /p:Configuration=Debug /p:Platform=Win32 /p:VisualStudioVersion=17.0 /v:n
MSBuild version 17.14.18+a338add32 for .NET Framework
Build started 10/09/2025 23:48:08.

Project "D:\STUDIUM\Term4\Project\Repo\OpenIGTLink-build\CMakeTmp\SocklenT\CMakeFiles\CMakeTmp\cmTC_68b50.vcxproj" on node 1 (default targets).
PrepareForBuild:
  Creating directory "cmTC_68b50.dir\Debug\".
  Structured output is enabled. The formatting of compiler diagnostics will reflect the error hierarchy. See https://aka.ms/cpp/structured-output for more details.
  Creating directory "D:\STUDIUM\Term4\Project\Repo\OpenIGTLink-build\CMakeTmp\SocklenT\CMakeFiles\CMakeTmp\Debug\".
  Creating directory "cmTC_68b50.dir\Debug\cmTC_68b50.tlog\".
InitializeBuildStatus:
  Creating "cmTC_68b50.dir\Debug\cmTC_68b50.tlog\unsuccessfulbuild" because "AlwaysCreate" was specified.
  Touching "cmTC_68b50.dir\Debug\cmTC_68b50.tlog\unsuccessfulbuild".
ClCompile:
  C:\Program Files\Microsoft Visual Studio\2022\Community\VC\Tools\MSVC\14.44.35207\bin\HostX64\x86\CL.exe /c /Zi /W3 /WX- /diagnostics:column /Od /Ob0 /Oy- /D _MBCS /D WIN32 /D _WINDOWS /D "CMAKE_INTDIR=\"Debug\"" /EHsc /RTC1 /MDd /GS /fp:precise /Zc:wchar_t /Zc:forScope /Zc:inline /GR /Fo"cmTC_68b50.dir\Debug\\" /Fd"cmTC_68b50.dir\Debug\vc143.pdb" /external:W3 /Gd /TP /analyze- /errorReport:queue D:\STUDIUM\Term4\Project\Repo\OpenIGTLink\CMake\igtlTestSocklenT.cxx
  Microsoft (R) C/C++ Optimizing Compiler Version 19.44.35214 for x86
  Copyright (C) Microsoft Corporation.  All rights reserved.
  cl /c /Zi /W3 /WX- /diagnostics:column /Od /Ob0 /Oy- /D _MBCS /D WIN32 /D _WINDOWS /D "CMAKE_INTDIR=\"Debug\"" /EHsc /RTC1 /MDd /GS /fp:precise /Zc:wchar_t /Zc:forScope /Zc:inline /GR /Fo"cmTC_68b50.dir\Debug\\" /Fd"cmTC_68b50.dir\Debug\vc143.pdb" /external:W3 /Gd /TP /analyze- /errorReport:queue D:\STUDIUM\Term4\Project\Repo\OpenIGTLink\CMake\igtlTestSocklenT.cxx
  igtlTestSocklenT.cxx
D:\STUDIUM\Term4\Project\Repo\OpenIGTLink\CMake\igtlTestSocklenT.cxx(11,25): error C2065: 'socklen_t': undeclared identifier [D:\STUDIUM\Term4\Project\Repo\OpenIGTLink-build\CMakeTmp\SocklenT\CMakeFiles\CMakeTmp\cmTC_68b50.vcxproj]
D:\STUDIUM\Term4\Project\Repo\OpenIGTLink\CMake\igtlTestSocklenT.cxx(11,35): error C2059: syntax error: ')' [D:\STUDIUM\Term4\Project\Repo\OpenIGTLink-build\CMakeTmp\SocklenT\CMakeFiles\CMakeTmp\cmTC_68b50.vcxproj]
D:\STUDIUM\Term4\Project\Repo\OpenIGTLink\CMake\igtlTestSocklenT.cxx(12,14): error C2065: 'socklen_t': undeclared identifier [D:\STUDIUM\Term4\Project\Repo\OpenIGTLink-build\CMakeTmp\SocklenT\CMakeFiles\CMakeTmp\cmTC_68b50.vcxproj]
Done Building Project "D:\STUDIUM\Term4\Project\Repo\OpenIGTLink-build\CMakeTmp\SocklenT\CMakeFiles\CMakeTmp\cmTC_68b50.vcxproj" (default targets) -- FAILED.

Build FAILED.

"D:\STUDIUM\Term4\Project\Repo\OpenIGTLink-build\CMakeTmp\SocklenT\CMakeFiles\CMakeTmp\cmTC_68b50.vcxproj" (default target) (1) ->
(ClCompile target) -> 
  D:\STUDIUM\Term4\Project\Repo\OpenIGTLink\CMake\igtlTestSocklenT.cxx(11,25): error C2065: 'socklen_t': undeclared identifier [D:\STUDIUM\Term4\Project\Repo\OpenIGTLink-build\CMakeTmp\SocklenT\CMakeFiles\CMakeTmp\cmTC_68b50.vcxproj]
  D:\STUDIUM\Term4\Project\Repo\OpenIGTLink\CMake\igtlTestSocklenT.cxx(11,35): error C2059: syntax error: ')' [D:\STUDIUM\Term4\Project\Repo\OpenIGTLink-build\CMakeTmp\SocklenT\CMakeFiles\CMakeTmp\cmTC_68b50.vcxproj]
  D:\STUDIUM\Term4\Project\Repo\OpenIGTLink\CMake\igtlTestSocklenT.cxx(12,14): error C2065: 'socklen_t': undeclared identifier [D:\STUDIUM\Term4\Project\Repo\OpenIGTLink-build\CMakeTmp\SocklenT\CMakeFiles\CMakeTmp\cmTC_68b50.vcxproj]

    0 Warning(s)
    3 Error(s)

Time Elapsed 00:00:00.64



